Started GET "/" for 127.0.0.1 at 2018-07-06 11:36:23 -0400
Processing by StaticPagesController#root as HTML
  Rendering static_pages/root.html.erb within layouts/application
  Rendered static_pages/root.html.erb within layouts/application (2.7ms)
Completed 200 OK in 2349ms (Views: 1701.9ms)


Started GET "/" for 127.0.0.1 at 2018-07-06 11:39:45 -0400
Processing by StaticPagesController#root as HTML
  Rendering static_pages/root.html.erb within layouts/application
  Rendered static_pages/root.html.erb within layouts/application (0.6ms)
Completed 200 OK in 84ms (Views: 84.1ms)


Started GET "/" for 127.0.0.1 at 2018-07-06 11:43:12 -0400
Processing by StaticPagesController#root as HTML
  Rendering static_pages/root.html.erb within layouts/application
  Rendered static_pages/root.html.erb within layouts/application (0.4ms)
Completed 200 OK in 636ms (Views: 635.7ms)


  [1m[35m (182.8ms)[0m  [1m[35mCREATE TABLE "schema_migrations" ("version" character varying NOT NULL PRIMARY KEY)[0m
  [1m[35m (5.1ms)[0m  [1m[35mCREATE TABLE "ar_internal_metadata" ("key" character varying NOT NULL PRIMARY KEY, "value" character varying, "created_at" timestamp NOT NULL, "updated_at" timestamp NOT NULL)[0m
  [1m[35m (11.0ms)[0m  [1m[34mSELECT pg_try_advisory_lock(6802361601607853190)[0m
  [1m[35m (18.1ms)[0m  [1m[34mSELECT "schema_migrations"."version" FROM "schema_migrations" ORDER BY "schema_migrations"."version" ASC[0m
Migrating to CreateUsers (20180706154759)
  [1m[35m (10.5ms)[0m  [1m[35mBEGIN[0m
  [1m[35m (30.7ms)[0m  [1m[35mCREATE TABLE "users" ("id" bigserial primary key, "username" character varying NOT NULL, "password_digest" character varying NOT NULL, "session_token" character varying NOT NULL, "created_at" timestamp NOT NULL, "updated_at" timestamp NOT NULL)[0m
  [1m[35m (1.6ms)[0m  [1m[35mCREATE UNIQUE INDEX  "index_users_on_username" ON "users"  ("username")[0m
  [1m[35m (1.1ms)[0m  [1m[35mCREATE UNIQUE INDEX  "index_users_on_session_token" ON "users"  ("session_token")[0m
  [1m[35mSQL (21.3ms)[0m  [1m[32mINSERT INTO "schema_migrations" ("version") VALUES ($1) RETURNING "version"[0m  [["version", "20180706154759"]]
  [1m[35m (1.5ms)[0m  [1m[35mCOMMIT[0m
  [1m[36mActiveRecord::InternalMetadata Load (0.6ms)[0m  [1m[34mSELECT  "ar_internal_metadata".* FROM "ar_internal_metadata" WHERE "ar_internal_metadata"."key" = $1 LIMIT $2[0m  [["key", "environment"], ["LIMIT", 1]]
  [1m[35m (0.2ms)[0m  [1m[35mBEGIN[0m
  [1m[35mSQL (14.9ms)[0m  [1m[32mINSERT INTO "ar_internal_metadata" ("key", "value", "created_at", "updated_at") VALUES ($1, $2, $3, $4) RETURNING "key"[0m  [["key", "environment"], ["value", "development"], ["created_at", "2018-07-06 15:51:18.761499"], ["updated_at", "2018-07-06 15:51:18.761499"]]
  [1m[35m (0.6ms)[0m  [1m[35mCOMMIT[0m
  [1m[35m (0.6ms)[0m  [1m[34mSELECT pg_advisory_unlock(6802361601607853190)[0m
  [1m[35m (0.6ms)[0m  [1m[34mSELECT "schema_migrations"."version" FROM "schema_migrations" ORDER BY "schema_migrations"."version" ASC[0m
  [1m[35m (10.0ms)[0m  [1m[34mSELECT "schema_migrations"."version" FROM "schema_migrations" ORDER BY "schema_migrations"."version" ASC[0m
Started GET "/" for 127.0.0.1 at 2018-07-06 13:55:08 -0400
  [1m[35m (3.8ms)[0m  [1m[34mSELECT "schema_migrations"."version" FROM "schema_migrations" ORDER BY "schema_migrations"."version" ASC[0m
Processing by StaticPagesController#root as HTML
Started GET "/" for 127.0.0.1 at 2018-07-06 13:55:09 -0400
Processing by StaticPagesController#root as HTML
  Rendering static_pages/root.html.erb within layouts/application
  Rendering static_pages/root.html.erb within layouts/application
  Rendered static_pages/root.html.erb within layouts/application (7.7ms)
  Rendered static_pages/root.html.erb within layouts/application (96.9ms)
Completed 200 OK in 6635ms (Views: 6633.9ms | ActiveRecord: 0.0ms)


Completed 200 OK in 6858ms (Views: 6857.9ms | ActiveRecord: 0.0ms)


Started POST "/api/users" for 127.0.0.1 at 2018-07-06 13:55:42 -0400

SyntaxError - syntax error, unexpected ':', expecting keyword_end
      render :json: @user.errors.full_messages status: 422
                   ^:
  app/controllers/api/users_controller.rb:9:in `'

Started GET "/" for 127.0.0.1 at 2018-07-06 13:56:12 -0400
Processing by StaticPagesController#root as HTML
  Rendering static_pages/root.html.erb within layouts/application
  Rendered static_pages/root.html.erb within layouts/application (0.7ms)
Completed 200 OK in 25ms (Views: 24.7ms | ActiveRecord: 0.0ms)


Started POST "/api/users" for 127.0.0.1 at 2018-07-06 13:56:54 -0400

SyntaxError - syntax error, unexpected ':', expecting keyword_end
      render :json: @user.errors.full_messages status: 422
                   ^:
  app/controllers/api/users_controller.rb:10:in `'

Started GET "/" for 127.0.0.1 at 2018-07-06 13:58:00 -0400
Processing by StaticPagesController#root as HTML
  Rendering static_pages/root.html.erb within layouts/application
  Rendered static_pages/root.html.erb within layouts/application (0.4ms)
Completed 200 OK in 493ms (Views: 492.5ms | ActiveRecord: 0.0ms)


Started POST "/api/users" for 127.0.0.1 at 2018-07-06 13:58:03 -0400

SyntaxError - syntax error, unexpected ':', expecting keyword_end
      render :json: @user.errors.full_messages status: 422
                   ^:
  app/controllers/api/users_controller.rb:10:in `'

Started GET "/" for 127.0.0.1 at 2018-07-06 14:01:18 -0400
Processing by StaticPagesController#root as HTML
  Rendering static_pages/root.html.erb within layouts/application
  Rendered static_pages/root.html.erb within layouts/application (0.6ms)
Completed 200 OK in 832ms (Views: 832.3ms | ActiveRecord: 0.0ms)


Started POST "/api/users" for 127.0.0.1 at 2018-07-06 14:01:20 -0400

SyntaxError - syntax error, unexpected ':', expecting keyword_end
      render :json: @user.errors.full_messages status: 422
                   ^:
  app/controllers/api/users_controller.rb:10:in `'

Started GET "/" for 127.0.0.1 at 2018-07-06 14:01:36 -0400
Processing by StaticPagesController#root as HTML
  Rendering static_pages/root.html.erb within layouts/application
  Rendered static_pages/root.html.erb within layouts/application (0.5ms)
Completed 200 OK in 24ms (Views: 24.0ms | ActiveRecord: 0.0ms)


Started POST "/api/users" for 127.0.0.1 at 2018-07-06 14:01:39 -0400

SyntaxError - syntax error, unexpected ':', expecting keyword_end
      render :json: @user.errors.full_messages status: 422
                   ^:
  app/controllers/api/users_controller.rb:10:in `'

Started POST "/api/users" for 127.0.0.1 at 2018-07-06 14:01:57 -0400

SyntaxError - syntax error, unexpected ':', expecting keyword_end
      render :json: @user.errors.full_messages status: 422
                   ^:
  app/controllers/api/users_controller.rb:10:in `'

Started GET "/" for 127.0.0.1 at 2018-07-06 14:01:59 -0400
Processing by StaticPagesController#root as HTML
  Rendering static_pages/root.html.erb within layouts/application
  Rendered static_pages/root.html.erb within layouts/application (0.4ms)
Completed 200 OK in 574ms (Views: 573.4ms | ActiveRecord: 0.0ms)


Started POST "/api/users" for 127.0.0.1 at 2018-07-06 14:02:01 -0400

SyntaxError - syntax error, unexpected ':', expecting keyword_end
      render :json: @user.errors.full_messages status: 422
                   ^:
  app/controllers/api/users_controller.rb:10:in `'

Started POST "/api/users" for 127.0.0.1 at 2018-07-06 14:02:03 -0400

SyntaxError - syntax error, unexpected ':', expecting keyword_end
      render :json: @user.errors.full_messages status: 422
                   ^:
  app/controllers/api/users_controller.rb:10:in `'

Started GET "/" for 127.0.0.1 at 2018-07-06 14:02:07 -0400
Processing by StaticPagesController#root as HTML
  Rendering static_pages/root.html.erb within layouts/application
  Rendered static_pages/root.html.erb within layouts/application (0.4ms)
Completed 200 OK in 24ms (Views: 24.0ms | ActiveRecord: 0.0ms)


Started POST "/api/users" for 127.0.0.1 at 2018-07-06 14:02:12 -0400

SyntaxError - syntax error, unexpected ':', expecting keyword_end
      render :json: @user.errors.full_messages status: 422
                   ^:
  app/controllers/api/users_controller.rb:10:in `'

Started GET "/" for 127.0.0.1 at 2018-07-06 14:02:51 -0400
Processing by StaticPagesController#root as HTML
  Rendering static_pages/root.html.erb within layouts/application
  Rendered static_pages/root.html.erb within layouts/application (0.5ms)
Completed 200 OK in 95ms (Views: 94.9ms | ActiveRecord: 0.0ms)


Started GET "/" for 127.0.0.1 at 2018-07-06 14:02:53 -0400
Processing by StaticPagesController#root as HTML
  Rendering static_pages/root.html.erb within layouts/application
  Rendered static_pages/root.html.erb within layouts/application (0.5ms)
Completed 200 OK in 38ms (Views: 37.8ms | ActiveRecord: 0.0ms)


Started POST "/api/users" for 127.0.0.1 at 2018-07-06 14:02:55 -0400

SyntaxError - syntax error, unexpected ':', expecting keyword_end
      render :json: @user.errors.full_messages status: 422
                   ^:
  app/controllers/api/users_controller.rb:10:in `'

Started GET "/" for 127.0.0.1 at 2018-07-06 14:02:57 -0400
Processing by StaticPagesController#root as HTML
  Rendering static_pages/root.html.erb within layouts/application
  Rendered static_pages/root.html.erb within layouts/application (0.4ms)
Completed 200 OK in 26ms (Views: 26.2ms | ActiveRecord: 0.0ms)


Started POST "/api/users" for 127.0.0.1 at 2018-07-06 14:02:59 -0400

SyntaxError - syntax error, unexpected ':', expecting keyword_end
      render :json: @user.errors.full_messages status: 422
                   ^:
  app/controllers/api/users_controller.rb:10:in `'

Started GET "/" for 127.0.0.1 at 2018-07-06 14:05:06 -0400
Processing by StaticPagesController#root as HTML
  Rendering static_pages/root.html.erb within layouts/application
  Rendered static_pages/root.html.erb within layouts/application (0.8ms)
Completed 200 OK in 650ms (Views: 649.3ms | ActiveRecord: 0.0ms)


Started POST "/api/users" for 127.0.0.1 at 2018-07-06 14:05:31 -0400

SyntaxError - syntax error, unexpected ':', expecting keyword_end
      render :json: @user.errors.full_messages status: 422
                   ^:
  app/controllers/api/users_controller.rb:10:in `'

Started POST "/api/session" for 127.0.0.1 at 2018-07-06 14:05:56 -0400

LoadError - Unable to autoload constant Api::SessionsController, expected /Users/appacademy/Desktop/W7D5/bench_bnb/app/controllers/api/sessions_controller.rb to define it:

Started GET "/" for 127.0.0.1 at 2018-07-06 14:06:08 -0400
Processing by StaticPagesController#root as HTML
  Rendering static_pages/root.html.erb within layouts/application
  Rendered static_pages/root.html.erb within layouts/application (0.4ms)
Completed 200 OK in 31ms (Views: 30.7ms | ActiveRecord: 0.0ms)


Started POST "/api/session" for 127.0.0.1 at 2018-07-06 14:06:10 -0400

TypeError - superclass mismatch for class SessionController:
  app/controllers/api/sessions_controller.rb:1:in `<top (required)>'

Started GET "/" for 127.0.0.1 at 2018-07-06 14:06:58 -0400
Processing by StaticPagesController#root as HTML
  Rendering static_pages/root.html.erb within layouts/application
  Rendered static_pages/root.html.erb within layouts/application (0.5ms)
Completed 200 OK in 29ms (Views: 28.5ms | ActiveRecord: 0.0ms)


Started GET "/" for 127.0.0.1 at 2018-07-06 14:07:48 -0400
Processing by StaticPagesController#root as HTML
  Rendering static_pages/root.html.erb within layouts/application
  Rendered static_pages/root.html.erb within layouts/application (0.4ms)
Completed 200 OK in 83ms (Views: 82.3ms | ActiveRecord: 0.0ms)


Started POST "/api/users" for 127.0.0.1 at 2018-07-06 14:07:51 -0400

SyntaxError - syntax error, unexpected tLABEL, expecting keyword_end
      render json: @user.errors.full_messages status: 422
                                                     ^:
  app/controllers/api/users_controller.rb:10:in `'

Started GET "/" for 127.0.0.1 at 2018-07-06 14:07:56 -0400
Processing by StaticPagesController#root as HTML
  Rendering static_pages/root.html.erb within layouts/application
  Rendered static_pages/root.html.erb within layouts/application (0.5ms)
Completed 200 OK in 24ms (Views: 24.2ms | ActiveRecord: 0.0ms)


Started POST "/api/users" for 127.0.0.1 at 2018-07-06 14:07:57 -0400

SyntaxError - syntax error, unexpected tLABEL, expecting keyword_end
      render json: @user.errors.full_messages status: 422
                                                     ^:
  app/controllers/api/users_controller.rb:10:in `'

Started GET "/" for 127.0.0.1 at 2018-07-06 14:08:17 -0400
Processing by StaticPagesController#root as HTML
  Rendering static_pages/root.html.erb within layouts/application
  Rendered static_pages/root.html.erb within layouts/application (0.5ms)
Completed 200 OK in 29ms (Views: 28.8ms | ActiveRecord: 0.0ms)


Started POST "/api/users" for 127.0.0.1 at 2018-07-06 14:08:19 -0400
Processing by Api::UsersController#create as JSON
Completed 400 Bad Request in 97417ms (ActiveRecord: 0.0ms)


Started GET "/" for 127.0.0.1 at 2018-07-06 14:09:56 -0400

ActionController::ParameterMissing - param is missing or the value is empty: user:
  app/controllers/api/users_controller.rb:17:in `user_params'
  app/controllers/api/users_controller.rb:4:in `create'

Processing by StaticPagesController#root as HTML
  Rendering static_pages/root.html.erb within layouts/application
  Rendered static_pages/root.html.erb within layouts/application (0.6ms)
Completed 200 OK in 640ms (Views: 639.6ms | ActiveRecord: 0.0ms)


Started POST "/api/session" for 127.0.0.1 at 2018-07-06 14:10:13 -0400
Processing by Api::SessionsController#create as JSON
  Parameters: {"user"=>{"username"=>"Favorite", "password"=>"[FILTERED]"}}
Completed 500 Internal Server Error in 12662ms (ActiveRecord: 0.0ms)



ArgumentError - wrong number of arguments (given 1, expected 0):
  app/controllers/api/sessions_controller.rb:28:in `user_params'
  app/controllers/api/sessions_controller.rb:5:in `create'

Started GET "/" for 127.0.0.1 at 2018-07-06 14:11:00 -0400
Processing by StaticPagesController#root as HTML
  Rendering static_pages/root.html.erb within layouts/application
  Rendered static_pages/root.html.erb within layouts/application (1.2ms)
Completed 200 OK in 116ms (Views: 116.2ms | ActiveRecord: 0.0ms)


Started POST "/api/session" for 127.0.0.1 at 2018-07-06 14:11:02 -0400
Processing by Api::SessionsController#create as JSON
  Parameters: {"user"=>{"username"=>"Favorite", "password"=>"[FILTERED]"}}
Completed 500 Internal Server Error in 30737ms (ActiveRecord: 0.0ms)



ArgumentError - wrong number of arguments (given 1, expected 0):
  app/controllers/api/sessions_controller.rb:28:in `user_params'
  app/controllers/api/sessions_controller.rb:5:in `create'

Started GET "/" for 127.0.0.1 at 2018-07-06 14:11:48 -0400
Processing by StaticPagesController#root as HTML
  Rendering static_pages/root.html.erb within layouts/application
  Rendered static_pages/root.html.erb within layouts/application (0.5ms)
Completed 200 OK in 138ms (Views: 137.2ms | ActiveRecord: 0.0ms)


Started POST "/api/session" for 127.0.0.1 at 2018-07-06 14:11:50 -0400
Processing by Api::SessionsController#create as JSON
  Parameters: {"user"=>{"username"=>"Favorite", "password"=>"[FILTERED]"}}
  [1m[36mUser Load (28.4ms)[0m  [1m[34mSELECT  "users".* FROM "users" WHERE "users"."username" = $1 LIMIT $2[0m  [["username", "Favorite"], ["LIMIT", 1]]
Completed 422 Unprocessable Entity in 19092ms (Views: 0.3ms | ActiveRecord: 35.0ms)


Started POST "/api/users" for 127.0.0.1 at 2018-07-06 14:12:31 -0400
Processing by Api::UsersController#create as JSON
  Parameters: {"user"=>{"username"=>"Favorite", "password"=>"[FILTERED]"}}
  [1m[35m (0.2ms)[0m  [1m[35mBEGIN[0m
  [1m[35mSQL (1.2ms)[0m  [1m[32mINSERT INTO "users" ("username", "password_digest", "session_token", "created_at", "updated_at") VALUES ($1, $2, $3, $4, $5) RETURNING "id"[0m  [["username", "Favorite"], ["password_digest", "$2a$10$Z5TmEsJLru4i1xqP5wzmdecCGLgdyRd0p6VyjjXdryiDDnOkLsk5C"], ["session_token", "jCAClKaOBXumGAcKdL5Deg"], ["created_at", "2018-07-06 18:12:46.605049"], ["updated_at", "2018-07-06 18:12:46.605049"]]
  [1m[35m (38.7ms)[0m  [1m[35mCOMMIT[0m
  [1m[35m (0.2ms)[0m  [1m[35mBEGIN[0m
  [1m[35mSQL (32.3ms)[0m  [1m[33mUPDATE "users" SET "session_token" = $1, "updated_at" = $2 WHERE "users"."id" = $3[0m  [["session_token", "YI37A2lvxgtOBeiEY5ijLA"], ["updated_at", "2018-07-06 18:12:46.647857"], ["id", 1]]
  [1m[35m (0.5ms)[0m  [1m[35mCOMMIT[0m
  Rendering api/users/show.json.jbuilder
  Rendered api/users/show.json.jbuilder (247.8ms)
Completed 200 OK in 15346ms (Views: 267.9ms | ActiveRecord: 126.3ms)


Started POST "/api/session" for 127.0.0.1 at 2018-07-06 14:13:30 -0400
Processing by Api::SessionsController#create as JSON
  Parameters: {"user"=>{"username"=>"Favorite", "password"=>"[FILTERED]"}}
  [1m[36mUser Load (0.7ms)[0m  [1m[34mSELECT  "users".* FROM "users" WHERE "users"."username" = $1 LIMIT $2[0m  [["username", "Favorite"], ["LIMIT", 1]]
  [1m[35m (0.2ms)[0m  [1m[35mBEGIN[0m
  [1m[35mSQL (0.6ms)[0m  [1m[33mUPDATE "users" SET "session_token" = $1, "updated_at" = $2 WHERE "users"."id" = $3[0m  [["session_token", "PB8I0PCHoOPENGE51F-kzw"], ["updated_at", "2018-07-06 18:13:30.401574"], ["id", 1]]
  [1m[35m (0.4ms)[0m  [1m[35mCOMMIT[0m
Completed 500 Internal Server Error in 184ms (ActiveRecord: 7.5ms)



ActionView::MissingTemplate - Missing template api/sessions/show, application/show with {:locale=>[:en], :formats=>[:json], :variants=>[], :handlers=>[:raw, :erb, :html, :builder, :ruby, :coffee, :jbuilder]}. Searched in:
  * "/Users/appacademy/Desktop/W7D5/bench_bnb/app/views"
:
  app/controllers/api/sessions_controller.rb:10:in `create'

Started GET "/" for 127.0.0.1 at 2018-07-06 15:04:13 -0400
Processing by StaticPagesController#root as HTML
  Rendering static_pages/root.html.erb within layouts/application
  Rendered static_pages/root.html.erb within layouts/application (0.4ms)
Completed 200 OK in 851ms (Views: 850.3ms | ActiveRecord: 0.0ms)


Started GET "/" for 127.0.0.1 at 2018-07-06 15:05:02 -0400
Processing by StaticPagesController#root as HTML
  Rendering static_pages/root.html.erb within layouts/application
  Rendered static_pages/root.html.erb within layouts/application (0.5ms)
Completed 200 OK in 1058ms (Views: 1058.0ms | ActiveRecord: 0.0ms)


Started GET "/" for 127.0.0.1 at 2018-07-06 15:06:43 -0400
  [1m[35m (9.6ms)[0m  [1m[34mSELECT "schema_migrations"."version" FROM "schema_migrations" ORDER BY "schema_migrations"."version" ASC[0m
Processing by StaticPagesController#root as HTML
  Rendering static_pages/root.html.erb within layouts/application
  Rendered static_pages/root.html.erb within layouts/application (1.8ms)
Completed 200 OK in 3150ms (Views: 3150.0ms | ActiveRecord: 0.0ms)


Started GET "/" for 127.0.0.1 at 2018-07-06 15:08:47 -0400
  [1m[35m (20.2ms)[0m  [1m[34mSELECT "schema_migrations"."version" FROM "schema_migrations" ORDER BY "schema_migrations"."version" ASC[0m
Processing by StaticPagesController#root as HTML
  Rendering static_pages/root.html.erb within layouts/application
  Rendered static_pages/root.html.erb within layouts/application (2.2ms)
Completed 200 OK in 3213ms (Views: 3212.2ms | ActiveRecord: 0.0ms)


Started GET "/" for 127.0.0.1 at 2018-07-06 15:10:41 -0400
Processing by StaticPagesController#root as HTML
  Rendering static_pages/root.html.erb within layouts/application
  Rendered static_pages/root.html.erb within layouts/application (0.5ms)
Completed 200 OK in 134ms (Views: 133.5ms | ActiveRecord: 0.0ms)


Started GET "/" for 127.0.0.1 at 2018-07-06 15:12:19 -0400
Processing by StaticPagesController#root as HTML
  Rendering static_pages/root.html.erb within layouts/application
  Rendered static_pages/root.html.erb within layouts/application (0.5ms)
Completed 200 OK in 1026ms (Views: 1025.7ms | ActiveRecord: 0.0ms)


Started GET "/" for 127.0.0.1 at 2018-07-06 15:12:24 -0400
Processing by StaticPagesController#root as HTML
  Rendering static_pages/root.html.erb within layouts/application
  Rendered static_pages/root.html.erb within layouts/application (0.4ms)
Completed 200 OK in 27ms (Views: 26.7ms | ActiveRecord: 0.0ms)


Started GET "/" for 127.0.0.1 at 2018-07-06 15:12:52 -0400
Processing by StaticPagesController#root as HTML
  Rendering static_pages/root.html.erb within layouts/application
  Rendered static_pages/root.html.erb within layouts/application (0.4ms)
Completed 200 OK in 910ms (Views: 910.2ms | ActiveRecord: 0.0ms)


Started GET "/" for 127.0.0.1 at 2018-07-06 15:13:53 -0400
Processing by StaticPagesController#root as HTML
  Rendering static_pages/root.html.erb within layouts/application
  Rendered static_pages/root.html.erb within layouts/application (0.5ms)
Completed 200 OK in 1023ms (Views: 1022.9ms | ActiveRecord: 0.0ms)


Started GET "/" for 127.0.0.1 at 2018-07-06 15:14:09 -0400
Processing by StaticPagesController#root as HTML
  Rendering static_pages/root.html.erb within layouts/application
  Rendered static_pages/root.html.erb within layouts/application (0.7ms)
Completed 200 OK in 26ms (Views: 25.3ms | ActiveRecord: 0.0ms)


Started GET "/" for 127.0.0.1 at 2018-07-06 15:14:27 -0400
Processing by StaticPagesController#root as HTML
  Rendering static_pages/root.html.erb within layouts/application
  Rendered static_pages/root.html.erb within layouts/application (0.4ms)
Completed 200 OK in 800ms (Views: 799.4ms | ActiveRecord: 0.0ms)


Started GET "/" for 127.0.0.1 at 2018-07-06 15:14:49 -0400
Processing by StaticPagesController#root as HTML
  Rendering static_pages/root.html.erb within layouts/application
  Rendered static_pages/root.html.erb within layouts/application (0.4ms)
Completed 200 OK in 857ms (Views: 856.9ms | ActiveRecord: 0.0ms)


Started GET "/" for 127.0.0.1 at 2018-07-06 15:15:15 -0400
Processing by StaticPagesController#root as HTML
  Rendering static_pages/root.html.erb within layouts/application
  Rendered static_pages/root.html.erb within layouts/application (0.7ms)
Completed 200 OK in 792ms (Views: 791.7ms | ActiveRecord: 0.0ms)


Started GET "/" for 127.0.0.1 at 2018-07-06 15:15:51 -0400
Processing by StaticPagesController#root as HTML
  Rendering static_pages/root.html.erb within layouts/application
  Rendered static_pages/root.html.erb within layouts/application (0.4ms)
Completed 200 OK in 1055ms (Views: 1054.9ms | ActiveRecord: 0.0ms)


Started GET "/" for 127.0.0.1 at 2018-07-06 15:15:54 -0400
Processing by StaticPagesController#root as HTML
  Rendering static_pages/root.html.erb within layouts/application
  Rendered static_pages/root.html.erb within layouts/application (0.5ms)
Completed 200 OK in 32ms (Views: 31.3ms | ActiveRecord: 0.0ms)


Started GET "/" for 127.0.0.1 at 2018-07-06 15:16:25 -0400
Processing by StaticPagesController#root as HTML
  Rendering static_pages/root.html.erb within layouts/application
  Rendered static_pages/root.html.erb within layouts/application (0.5ms)
Completed 200 OK in 936ms (Views: 936.2ms | ActiveRecord: 0.0ms)


Started GET "/" for 127.0.0.1 at 2018-07-06 15:19:38 -0400
Processing by StaticPagesController#root as HTML
  Rendering static_pages/root.html.erb within layouts/application
  Rendered static_pages/root.html.erb within layouts/application (0.6ms)
Completed 200 OK in 234ms (Views: 233.3ms | ActiveRecord: 0.0ms)


Started GET "/" for 127.0.0.1 at 2018-07-06 15:20:17 -0400
Processing by StaticPagesController#root as HTML
  Rendering static_pages/root.html.erb within layouts/application
  Rendered static_pages/root.html.erb within layouts/application (0.5ms)
Completed 200 OK in 902ms (Views: 901.3ms | ActiveRecord: 0.0ms)


Started GET "/" for 127.0.0.1 at 2018-07-06 15:21:25 -0400
Processing by StaticPagesController#root as HTML
  Rendering static_pages/root.html.erb within layouts/application
  Rendered static_pages/root.html.erb within layouts/application (0.6ms)
Completed 200 OK in 948ms (Views: 948.0ms | ActiveRecord: 0.0ms)


Started GET "/" for 127.0.0.1 at 2018-07-06 15:22:13 -0400
Processing by StaticPagesController#root as HTML
  Rendering static_pages/root.html.erb within layouts/application
  Rendered static_pages/root.html.erb within layouts/application (0.5ms)
Completed 200 OK in 1061ms (Views: 1060.8ms | ActiveRecord: 0.0ms)


Started GET "/" for 127.0.0.1 at 2018-07-06 15:25:47 -0400
Processing by StaticPagesController#root as HTML
  Rendering static_pages/root.html.erb within layouts/application
  Rendered static_pages/root.html.erb within layouts/application (0.4ms)
Completed 200 OK in 1078ms (Views: 1077.8ms | ActiveRecord: 0.0ms)


Started GET "/" for 127.0.0.1 at 2018-07-06 15:26:38 -0400
Processing by StaticPagesController#root as HTML
  Rendering static_pages/root.html.erb within layouts/application
  Rendered static_pages/root.html.erb within layouts/application (0.4ms)
Completed 200 OK in 825ms (Views: 824.3ms | ActiveRecord: 0.0ms)


Started GET "/" for 127.0.0.1 at 2018-07-06 15:26:44 -0400
Processing by StaticPagesController#root as HTML
  Rendering static_pages/root.html.erb within layouts/application
  Rendered static_pages/root.html.erb within layouts/application (0.4ms)
Completed 200 OK in 27ms (Views: 27.1ms | ActiveRecord: 0.0ms)


Started GET "/" for 127.0.0.1 at 2018-07-06 15:37:59 -0400
  [1m[35m (9.9ms)[0m  [1m[34mSELECT "schema_migrations"."version" FROM "schema_migrations" ORDER BY "schema_migrations"."version" ASC[0m
Processing by StaticPagesController#root as HTML
  Rendering static_pages/root.html.erb within layouts/application
  Rendered static_pages/root.html.erb within layouts/application (1.5ms)
Completed 200 OK in 3317ms (Views: 3316.8ms | ActiveRecord: 0.0ms)


Started GET "/" for 127.0.0.1 at 2018-07-06 15:40:53 -0400
Processing by StaticPagesController#root as HTML
  Rendering static_pages/root.html.erb within layouts/application
  Rendered static_pages/root.html.erb within layouts/application (0.6ms)
Completed 200 OK in 1172ms (Views: 1171.7ms | ActiveRecord: 0.0ms)


Started GET "/" for 127.0.0.1 at 2018-07-06 15:41:05 -0400
Processing by StaticPagesController#root as HTML
  Rendering static_pages/root.html.erb within layouts/application
  Rendered static_pages/root.html.erb within layouts/application (0.6ms)
Completed 200 OK in 723ms (Views: 723.2ms | ActiveRecord: 0.0ms)


Started GET "/" for 127.0.0.1 at 2018-07-06 15:41:47 -0400
Processing by StaticPagesController#root as HTML
  Rendering static_pages/root.html.erb within layouts/application
  Rendered static_pages/root.html.erb within layouts/application (0.6ms)
Completed 200 OK in 440ms (Views: 440.0ms | ActiveRecord: 0.0ms)


Started GET "/" for 127.0.0.1 at 2018-07-06 15:42:38 -0400
Processing by StaticPagesController#root as HTML
  Rendering static_pages/root.html.erb within layouts/application
  Rendered static_pages/root.html.erb within layouts/application (0.4ms)
Completed 200 OK in 1173ms (Views: 1172.8ms | ActiveRecord: 0.0ms)


Started GET "/" for 127.0.0.1 at 2018-07-06 16:18:15 -0400
Processing by StaticPagesController#root as HTML
  Rendering static_pages/root.html.erb within layouts/application
  Rendered static_pages/root.html.erb within layouts/application (0.4ms)
Completed 200 OK in 1290ms (Views: 1289.6ms | ActiveRecord: 0.0ms)


Started GET "/" for 127.0.0.1 at 2018-07-06 16:19:03 -0400
Processing by StaticPagesController#root as HTML
  Rendering static_pages/root.html.erb within layouts/application
  Rendered static_pages/root.html.erb within layouts/application (1.0ms)
Completed 200 OK in 1091ms (Views: 1090.4ms | ActiveRecord: 0.0ms)


Started GET "/" for 127.0.0.1 at 2018-07-06 16:19:29 -0400
Processing by StaticPagesController#root as HTML
  Rendering static_pages/root.html.erb within layouts/application
  Rendered static_pages/root.html.erb within layouts/application (0.6ms)
Completed 200 OK in 1110ms (Views: 1109.6ms | ActiveRecord: 0.0ms)


Started GET "/" for 127.0.0.1 at 2018-07-06 16:20:09 -0400
Processing by StaticPagesController#root as HTML
  Rendering static_pages/root.html.erb within layouts/application
  Rendered static_pages/root.html.erb within layouts/application (0.6ms)
Completed 200 OK in 1205ms (Views: 1204.5ms | ActiveRecord: 0.0ms)


Started GET "/" for 127.0.0.1 at 2018-07-06 16:20:16 -0400
Processing by StaticPagesController#root as HTML
  Rendering static_pages/root.html.erb within layouts/application
  Rendered static_pages/root.html.erb within layouts/application (0.4ms)
Completed 200 OK in 27ms (Views: 27.1ms | ActiveRecord: 0.0ms)


Started GET "/" for 127.0.0.1 at 2018-07-06 16:22:05 -0400
Processing by StaticPagesController#root as HTML
  Rendering static_pages/root.html.erb within layouts/application
  Rendered static_pages/root.html.erb within layouts/application (0.7ms)
Completed 200 OK in 1199ms (Views: 1198.9ms | ActiveRecord: 0.0ms)


Started GET "/" for 127.0.0.1 at 2018-07-06 16:24:19 -0400
Processing by StaticPagesController#root as HTML
  Rendering static_pages/root.html.erb within layouts/application
  Rendered static_pages/root.html.erb within layouts/application (0.5ms)
Completed 200 OK in 705ms (Views: 705.1ms | ActiveRecord: 0.0ms)


Started GET "/" for 127.0.0.1 at 2018-07-06 16:24:52 -0400
Processing by StaticPagesController#root as HTML
  Rendering static_pages/root.html.erb within layouts/application
  Rendered static_pages/root.html.erb within layouts/application (0.9ms)
Completed 200 OK in 981ms (Views: 981.0ms | ActiveRecord: 0.0ms)


Started GET "/" for 127.0.0.1 at 2018-07-06 16:25:04 -0400
Processing by StaticPagesController#root as HTML
  Rendering static_pages/root.html.erb within layouts/application
  Rendered static_pages/root.html.erb within layouts/application (0.7ms)
Completed 200 OK in 1147ms (Views: 1147.1ms | ActiveRecord: 0.0ms)


Started GET "/" for 127.0.0.1 at 2018-07-06 16:26:32 -0400
Processing by StaticPagesController#root as HTML
  Rendering static_pages/root.html.erb within layouts/application
  Rendered static_pages/root.html.erb within layouts/application (0.5ms)
Completed 200 OK in 941ms (Views: 941.0ms | ActiveRecord: 0.0ms)


Started POST "/api/session" for 127.0.0.1 at 2018-07-06 16:27:35 -0400
Processing by Api::SessionsController#create as JSON
  Parameters: {"user"=>{"username"=>"Favorite", "password"=>"[FILTERED]"}}
  [1m[36mUser Load (1.2ms)[0m  [1m[34mSELECT  "users".* FROM "users" WHERE "users"."username" = $1 LIMIT $2[0m  [["username", "Favorite"], ["LIMIT", 1]]
  [1m[35m (0.2ms)[0m  [1m[35mBEGIN[0m
  [1m[35mSQL (0.9ms)[0m  [1m[33mUPDATE "users" SET "session_token" = $1, "updated_at" = $2 WHERE "users"."id" = $3[0m  [["session_token", "8rjmJTOjcTs8e7uD3j_nwg"], ["updated_at", "2018-07-06 20:27:36.407524"], ["id", 1]]
  [1m[35m (29.0ms)[0m  [1m[35mCOMMIT[0m
Completed 500 Internal Server Error in 274ms (ActiveRecord: 59.7ms)



ActionView::MissingTemplate - Missing template api/sessions/show, application/show with {:locale=>[:en], :formats=>[:json], :variants=>[], :handlers=>[:raw, :erb, :html, :builder, :ruby, :coffee, :jbuilder]}. Searched in:
  * "/Users/appacademy/Desktop/W7D5/bench_bnb/app/views"
:
  app/controllers/api/sessions_controller.rb:10:in `create'

Started GET "/" for 127.0.0.1 at 2018-07-06 16:29:04 -0400
Processing by StaticPagesController#root as HTML
  Rendering static_pages/root.html.erb within layouts/application
  Rendered static_pages/root.html.erb within layouts/application (0.6ms)
Completed 200 OK in 137ms (Views: 136.5ms | ActiveRecord: 0.0ms)


Started POST "/api/session" for 127.0.0.1 at 2018-07-06 16:29:09 -0400
Processing by Api::SessionsController#create as JSON
  Parameters: {"user"=>{"username"=>"Favorite", "password"=>"[FILTERED]"}}
  [1m[36mUser Load (0.5ms)[0m  [1m[34mSELECT  "users".* FROM "users" WHERE "users"."username" = $1 LIMIT $2[0m  [["username", "Favorite"], ["LIMIT", 1]]
  [1m[35m (0.2ms)[0m  [1m[35mBEGIN[0m
  [1m[35mSQL (0.6ms)[0m  [1m[33mUPDATE "users" SET "session_token" = $1, "updated_at" = $2 WHERE "users"."id" = $3[0m  [["session_token", "bgFhlR_J4MWr5mg86Cm1iQ"], ["updated_at", "2018-07-06 20:29:09.203264"], ["id", 1]]
  [1m[35m (0.5ms)[0m  [1m[35mCOMMIT[0m
  Rendering api/sessions/show.json.jbuilder
  Rendered api/sessions/show.json.jbuilder (245.5ms)
Completed 200 OK in 338ms (Views: 255.5ms | ActiveRecord: 1.8ms)


Started GET "/" for 127.0.0.1 at 2018-07-06 16:30:00 -0400
Processing by StaticPagesController#root as HTML
  Rendering static_pages/root.html.erb within layouts/application
  Rendered static_pages/root.html.erb within layouts/application (0.7ms)
Completed 200 OK in 1092ms (Views: 1091.7ms | ActiveRecord: 0.0ms)


Started POST "/api/session" for 127.0.0.1 at 2018-07-06 16:30:04 -0400
Processing by Api::SessionsController#create as JSON
  Parameters: {"user"=>{"username"=>"Favorite", "password"=>"[FILTERED]"}}
  [1m[36mUser Load (0.4ms)[0m  [1m[34mSELECT  "users".* FROM "users" WHERE "users"."username" = $1 LIMIT $2[0m  [["username", "Favorite"], ["LIMIT", 1]]
  [1m[35m (0.2ms)[0m  [1m[35mBEGIN[0m
  [1m[35mSQL (1.2ms)[0m  [1m[33mUPDATE "users" SET "session_token" = $1, "updated_at" = $2 WHERE "users"."id" = $3[0m  [["session_token", "6O4ikmATkASvSxsA0KdW8Q"], ["updated_at", "2018-07-06 20:30:04.561659"], ["id", 1]]
  [1m[35m (0.4ms)[0m  [1m[35mCOMMIT[0m
  Rendering api/sessions/show.json.jbuilder
  Rendered api/sessions/show.json.jbuilder (0.5ms)
Completed 200 OK in 92ms (Views: 8.5ms | ActiveRecord: 2.2ms)


Started GET "/" for 127.0.0.1 at 2018-07-06 16:30:18 -0400
Processing by StaticPagesController#root as HTML
  Rendering static_pages/root.html.erb within layouts/application
  Rendered static_pages/root.html.erb within layouts/application (0.4ms)
Completed 200 OK in 27ms (Views: 26.4ms | ActiveRecord: 0.0ms)


Started POST "/api/session" for 127.0.0.1 at 2018-07-06 16:30:24 -0400
Processing by Api::SessionsController#create as JSON
  Parameters: {"user"=>{"username"=>"Favorite", "password"=>"[FILTERED]"}}
  [1m[36mUser Load (0.6ms)[0m  [1m[34mSELECT  "users".* FROM "users" WHERE "users"."username" = $1 LIMIT $2[0m  [["username", "Favorite"], ["LIMIT", 1]]
  [1m[35m (0.3ms)[0m  [1m[35mBEGIN[0m
  [1m[35mSQL (0.9ms)[0m  [1m[33mUPDATE "users" SET "session_token" = $1, "updated_at" = $2 WHERE "users"."id" = $3[0m  [["session_token", "40KStgYmbc-dOTQsg6sPNw"], ["updated_at", "2018-07-06 20:30:24.484368"], ["id", 1]]
  [1m[35m (0.6ms)[0m  [1m[35mCOMMIT[0m
  Rendering api/sessions/show.json.jbuilder
  Rendered api/sessions/show.json.jbuilder (0.5ms)
Completed 200 OK in 90ms (Views: 10.1ms | ActiveRecord: 2.4ms)


Started GET "/" for 127.0.0.1 at 2018-07-06 16:30:28 -0400
Processing by StaticPagesController#root as HTML
  Rendering static_pages/root.html.erb within layouts/application
  Rendered static_pages/root.html.erb within layouts/application (0.7ms)
Completed 200 OK in 29ms (Views: 29.0ms | ActiveRecord: 0.0ms)


Started POST "/api/session" for 127.0.0.1 at 2018-07-06 16:30:34 -0400
Processing by Api::SessionsController#create as JSON
  Parameters: {"user"=>{"username"=>"Favorite", "password"=>"[FILTERED]"}}
  [1m[36mUser Load (0.5ms)[0m  [1m[34mSELECT  "users".* FROM "users" WHERE "users"."username" = $1 LIMIT $2[0m  [["username", "Favorite"], ["LIMIT", 1]]
  [1m[35m (0.2ms)[0m  [1m[35mBEGIN[0m
  [1m[35mSQL (0.6ms)[0m  [1m[33mUPDATE "users" SET "session_token" = $1, "updated_at" = $2 WHERE "users"."id" = $3[0m  [["session_token", "kL8jltadFqrdRHvdH5N6SQ"], ["updated_at", "2018-07-06 20:30:35.016645"], ["id", 1]]
  [1m[35m (0.5ms)[0m  [1m[35mCOMMIT[0m
  Rendering api/sessions/show.json.jbuilder
  Rendered api/sessions/show.json.jbuilder (0.5ms)
Completed 200 OK in 90ms (Views: 9.5ms | ActiveRecord: 1.9ms)


Started GET "/" for 127.0.0.1 at 2018-07-06 16:33:39 -0400
Processing by StaticPagesController#root as HTML
  Rendering static_pages/root.html.erb within layouts/application
  Rendered static_pages/root.html.erb within layouts/application (0.5ms)
Completed 200 OK in 1063ms (Views: 1063.2ms | ActiveRecord: 0.0ms)


Started POST "/api/session" for 127.0.0.1 at 2018-07-06 16:33:46 -0400
Processing by Api::SessionsController#create as JSON
  Parameters: {"user"=>{"username"=>"Favorite", "password"=>"[FILTERED]"}}
  [1m[36mUser Load (0.5ms)[0m  [1m[34mSELECT  "users".* FROM "users" WHERE "users"."username" = $1 LIMIT $2[0m  [["username", "Favorite"], ["LIMIT", 1]]
  [1m[35m (0.3ms)[0m  [1m[35mBEGIN[0m
  [1m[35mSQL (0.9ms)[0m  [1m[33mUPDATE "users" SET "session_token" = $1, "updated_at" = $2 WHERE "users"."id" = $3[0m  [["session_token", "QhJU0jNiSJ9EQVk7V7ANHA"], ["updated_at", "2018-07-06 20:33:46.909564"], ["id", 1]]
  [1m[35m (0.5ms)[0m  [1m[35mCOMMIT[0m
  Rendering api/sessions/show.json.jbuilder
  Rendered api/sessions/show.json.jbuilder (1.4ms)
Completed 200 OK in 92ms (Views: 9.3ms | ActiveRecord: 2.2ms)


Started GET "/" for 127.0.0.1 at 2018-07-06 16:34:12 -0400
Processing by StaticPagesController#root as HTML
  Rendering static_pages/root.html.erb within layouts/application
  Rendered static_pages/root.html.erb within layouts/application (0.5ms)
Completed 200 OK in 1048ms (Views: 1047.6ms | ActiveRecord: 0.0ms)


Started POST "/api/session" for 127.0.0.1 at 2018-07-06 16:34:17 -0400
Processing by Api::SessionsController#create as JSON
  Parameters: {"user"=>{"username"=>"Favorite", "password"=>"[FILTERED]"}}
  [1m[36mUser Load (0.4ms)[0m  [1m[34mSELECT  "users".* FROM "users" WHERE "users"."username" = $1 LIMIT $2[0m  [["username", "Favorite"], ["LIMIT", 1]]
  [1m[35m (0.2ms)[0m  [1m[35mBEGIN[0m
  [1m[35mSQL (0.5ms)[0m  [1m[33mUPDATE "users" SET "session_token" = $1, "updated_at" = $2 WHERE "users"."id" = $3[0m  [["session_token", "yRKsgEmHkrfXl7iNKGdtTg"], ["updated_at", "2018-07-06 20:34:17.625296"], ["id", 1]]
  [1m[35m (0.6ms)[0m  [1m[35mCOMMIT[0m
  Rendering api/sessions/show.json.jbuilder
  Rendered api/sessions/show.json.jbuilder (0.6ms)
Completed 200 OK in 92ms (Views: 9.9ms | ActiveRecord: 1.8ms)


Started GET "/" for 127.0.0.1 at 2018-07-06 16:34:44 -0400
Processing by StaticPagesController#root as HTML
  Rendering static_pages/root.html.erb within layouts/application
  Rendered static_pages/root.html.erb within layouts/application (0.6ms)
Completed 200 OK in 1038ms (Views: 1037.8ms | ActiveRecord: 0.0ms)


Started POST "/api/session" for 127.0.0.1 at 2018-07-06 16:35:19 -0400
Processing by Api::SessionsController#create as JSON
  Parameters: {"user"=>{"username"=>"Favorite", "password"=>"[FILTERED]"}}
  [1m[36mUser Load (0.4ms)[0m  [1m[34mSELECT  "users".* FROM "users" WHERE "users"."username" = $1 LIMIT $2[0m  [["username", "Favorite"], ["LIMIT", 1]]
  [1m[35m (0.3ms)[0m  [1m[35mBEGIN[0m
  [1m[35mSQL (0.7ms)[0m  [1m[33mUPDATE "users" SET "session_token" = $1, "updated_at" = $2 WHERE "users"."id" = $3[0m  [["session_token", "STgJFCFkbCuORkYcEBDNhQ"], ["updated_at", "2018-07-06 20:35:19.579444"], ["id", 1]]
  [1m[35m (0.9ms)[0m  [1m[35mCOMMIT[0m
  Rendering api/sessions/show.json.jbuilder
  Rendered api/sessions/show.json.jbuilder (0.5ms)
Completed 200 OK in 95ms (Views: 8.1ms | ActiveRecord: 2.3ms)


Started GET "/" for 127.0.0.1 at 2018-07-06 16:35:42 -0400
Processing by StaticPagesController#root as HTML
  Rendering static_pages/root.html.erb within layouts/application
  Rendered static_pages/root.html.erb within layouts/application (0.6ms)
Completed 200 OK in 1519ms (Views: 1518.8ms | ActiveRecord: 0.0ms)


Started POST "/api/session" for 127.0.0.1 at 2018-07-06 16:35:49 -0400
Processing by Api::SessionsController#create as JSON
  Parameters: {"user"=>{"username"=>"Favorite", "password"=>"[FILTERED]"}}
  [1m[36mUser Load (0.3ms)[0m  [1m[34mSELECT  "users".* FROM "users" WHERE "users"."username" = $1 LIMIT $2[0m  [["username", "Favorite"], ["LIMIT", 1]]
  [1m[35m (0.3ms)[0m  [1m[35mBEGIN[0m
  [1m[35mSQL (2.4ms)[0m  [1m[33mUPDATE "users" SET "session_token" = $1, "updated_at" = $2 WHERE "users"."id" = $3[0m  [["session_token", "2hEEq5ODWCmG7xMNN10nNA"], ["updated_at", "2018-07-06 20:35:49.742657"], ["id", 1]]
  [1m[35m (56.2ms)[0m  [1m[35mCOMMIT[0m
  Rendering api/sessions/show.json.jbuilder
  Rendered api/sessions/show.json.jbuilder (0.5ms)
Completed 200 OK in 152ms (Views: 9.2ms | ActiveRecord: 59.2ms)


Started DELETE "/api/session" for 127.0.0.1 at 2018-07-06 16:36:12 -0400
Processing by Api::SessionsController#destroy as JSON
  [1m[36mUser Load (0.4ms)[0m  [1m[34mSELECT  "users".* FROM "users" WHERE "users"."session_token" = $1 LIMIT $2[0m  [["session_token", "2hEEq5ODWCmG7xMNN10nNA"], ["LIMIT", 1]]
  [1m[35m (0.2ms)[0m  [1m[35mBEGIN[0m
  [1m[35mSQL (0.8ms)[0m  [1m[33mUPDATE "users" SET "session_token" = $1, "updated_at" = $2 WHERE "users"."id" = $3[0m  [["session_token", "H-IBpHw1a1Qg85BZSkFPcw"], ["updated_at", "2018-07-06 20:36:12.818433"], ["id", 1]]
  [1m[35m (0.6ms)[0m  [1m[35mCOMMIT[0m
Completed 200 OK in 6ms (Views: 0.2ms | ActiveRecord: 1.9ms)


Started POST "/api/session" for 127.0.0.1 at 2018-07-06 16:36:21 -0400
Processing by Api::SessionsController#create as JSON
  Parameters: {"user"=>{"username"=>"Favorite", "password"=>"[FILTERED]"}}
  [1m[36mUser Load (0.4ms)[0m  [1m[34mSELECT  "users".* FROM "users" WHERE "users"."username" = $1 LIMIT $2[0m  [["username", "Favorite"], ["LIMIT", 1]]
  [1m[35m (0.2ms)[0m  [1m[35mBEGIN[0m
  [1m[35mSQL (0.5ms)[0m  [1m[33mUPDATE "users" SET "session_token" = $1, "updated_at" = $2 WHERE "users"."id" = $3[0m  [["session_token", "Zo9iA9DUdwkjEtj7U_xHzw"], ["updated_at", "2018-07-06 20:36:21.230429"], ["id", 1]]
  [1m[35m (0.4ms)[0m  [1m[35mCOMMIT[0m
  Rendering api/sessions/show.json.jbuilder
  Rendered api/sessions/show.json.jbuilder (0.5ms)
Completed 200 OK in 89ms (Views: 8.6ms | ActiveRecord: 1.6ms)


Started DELETE "/api/session" for 127.0.0.1 at 2018-07-06 16:36:26 -0400
Processing by Api::SessionsController#destroy as JSON
  [1m[36mUser Load (0.4ms)[0m  [1m[34mSELECT  "users".* FROM "users" WHERE "users"."session_token" = $1 LIMIT $2[0m  [["session_token", "Zo9iA9DUdwkjEtj7U_xHzw"], ["LIMIT", 1]]
  [1m[35m (0.1ms)[0m  [1m[35mBEGIN[0m
  [1m[35mSQL (0.6ms)[0m  [1m[33mUPDATE "users" SET "session_token" = $1, "updated_at" = $2 WHERE "users"."id" = $3[0m  [["session_token", "IF4j_oGRgF9BPEpFGQalUg"], ["updated_at", "2018-07-06 20:36:26.300616"], ["id", 1]]
  [1m[35m (0.6ms)[0m  [1m[35mCOMMIT[0m
Completed 200 OK in 6ms (Views: 0.2ms | ActiveRecord: 1.7ms)


Started GET "/" for 127.0.0.1 at 2018-07-06 16:36:29 -0400
Processing by StaticPagesController#root as HTML
  Rendering static_pages/root.html.erb within layouts/application
  Rendered static_pages/root.html.erb within layouts/application (0.7ms)
Completed 200 OK in 1026ms (Views: 1025.9ms | ActiveRecord: 0.0ms)


Started POST "/api/session" for 127.0.0.1 at 2018-07-06 16:36:40 -0400
Processing by Api::SessionsController#create as JSON
  Parameters: {"user"=>{"username"=>"Favorite", "password"=>"[FILTERED]"}}
  [1m[36mUser Load (0.3ms)[0m  [1m[34mSELECT  "users".* FROM "users" WHERE "users"."username" = $1 LIMIT $2[0m  [["username", "Favorite"], ["LIMIT", 1]]
  [1m[35m (0.4ms)[0m  [1m[35mBEGIN[0m
  [1m[35mSQL (0.6ms)[0m  [1m[33mUPDATE "users" SET "session_token" = $1, "updated_at" = $2 WHERE "users"."id" = $3[0m  [["session_token", "3w1hwansMywP7HUHYCrb0Q"], ["updated_at", "2018-07-06 20:36:40.607184"], ["id", 1]]
  [1m[35m (0.6ms)[0m  [1m[35mCOMMIT[0m
  Rendering api/sessions/show.json.jbuilder
  Rendered api/sessions/show.json.jbuilder (0.5ms)
Completed 200 OK in 92ms (Views: 7.8ms | ActiveRecord: 1.8ms)


Started DELETE "/api/session" for 127.0.0.1 at 2018-07-06 16:36:44 -0400
Processing by Api::SessionsController#destroy as JSON
  [1m[36mUser Load (0.7ms)[0m  [1m[34mSELECT  "users".* FROM "users" WHERE "users"."session_token" = $1 LIMIT $2[0m  [["session_token", "3w1hwansMywP7HUHYCrb0Q"], ["LIMIT", 1]]
  [1m[35m (0.2ms)[0m  [1m[35mBEGIN[0m
  [1m[35mSQL (0.9ms)[0m  [1m[33mUPDATE "users" SET "session_token" = $1, "updated_at" = $2 WHERE "users"."id" = $3[0m  [["session_token", "3nAsEXW0vGU7pVCK8Oh1Qg"], ["updated_at", "2018-07-06 20:36:44.834250"], ["id", 1]]
  [1m[35m (59.6ms)[0m  [1m[35mCOMMIT[0m
Completed 200 OK in 67ms (Views: 0.3ms | ActiveRecord: 61.4ms)


Started GET "/" for 127.0.0.1 at 2018-07-06 16:37:06 -0400
Processing by StaticPagesController#root as HTML
  Rendering static_pages/root.html.erb within layouts/application
  Rendered static_pages/root.html.erb within layouts/application (0.5ms)
Completed 200 OK in 1004ms (Views: 1003.3ms | ActiveRecord: 0.0ms)


Started POST "/api/session" for 127.0.0.1 at 2018-07-06 16:37:10 -0400
Processing by Api::SessionsController#create as JSON
  Parameters: {"user"=>{"username"=>"Favorite", "password"=>"[FILTERED]"}}
  [1m[36mUser Load (0.3ms)[0m  [1m[34mSELECT  "users".* FROM "users" WHERE "users"."username" = $1 LIMIT $2[0m  [["username", "Favorite"], ["LIMIT", 1]]
  [1m[35m (0.2ms)[0m  [1m[35mBEGIN[0m
  [1m[35mSQL (0.6ms)[0m  [1m[33mUPDATE "users" SET "session_token" = $1, "updated_at" = $2 WHERE "users"."id" = $3[0m  [["session_token", "bBQekxZa__zBoao-YYwNhQ"], ["updated_at", "2018-07-06 20:37:10.284633"], ["id", 1]]
  [1m[35m (0.6ms)[0m  [1m[35mCOMMIT[0m
  Rendering api/sessions/show.json.jbuilder
  Rendered api/sessions/show.json.jbuilder (0.7ms)
Completed 200 OK in 89ms (Views: 9.7ms | ActiveRecord: 1.6ms)


Started DELETE "/api/session" for 127.0.0.1 at 2018-07-06 16:37:12 -0400
Processing by Api::SessionsController#destroy as JSON
  [1m[36mUser Load (0.4ms)[0m  [1m[34mSELECT  "users".* FROM "users" WHERE "users"."session_token" = $1 LIMIT $2[0m  [["session_token", "bBQekxZa__zBoao-YYwNhQ"], ["LIMIT", 1]]
  [1m[35m (0.2ms)[0m  [1m[35mBEGIN[0m
  [1m[35mSQL (0.7ms)[0m  [1m[33mUPDATE "users" SET "session_token" = $1, "updated_at" = $2 WHERE "users"."id" = $3[0m  [["session_token", "BHOxt_lmtYIObv-MJsg6iQ"], ["updated_at", "2018-07-06 20:37:12.190302"], ["id", 1]]
  [1m[35m (0.6ms)[0m  [1m[35mCOMMIT[0m
Completed 200 OK in 6ms (Views: 0.2ms | ActiveRecord: 1.8ms)


Started GET "/" for 127.0.0.1 at 2018-07-06 17:04:28 -0400
Processing by StaticPagesController#root as HTML
  Rendering static_pages/root.html.erb within layouts/application
  Rendered static_pages/root.html.erb within layouts/application (3.3ms)
Completed 200 OK in 1205ms (Views: 1203.4ms | ActiveRecord: 0.0ms)


Started GET "/" for 127.0.0.1 at 2018-07-06 17:04:48 -0400
Processing by StaticPagesController#root as HTML
  Rendering static_pages/root.html.erb within layouts/application
  Rendered static_pages/root.html.erb within layouts/application (0.9ms)
Completed 200 OK in 1083ms (Views: 1083.0ms | ActiveRecord: 0.0ms)


Started GET "/" for 127.0.0.1 at 2018-07-06 17:05:14 -0400
Processing by StaticPagesController#root as HTML
  Rendering static_pages/root.html.erb within layouts/application
  Rendered static_pages/root.html.erb within layouts/application (0.4ms)
Completed 200 OK in 1030ms (Views: 1030.0ms | ActiveRecord: 0.0ms)


Started GET "/" for 127.0.0.1 at 2018-07-06 17:05:54 -0400
Processing by StaticPagesController#root as HTML
  Rendering static_pages/root.html.erb within layouts/application
  Rendered static_pages/root.html.erb within layouts/application (0.4ms)
Completed 200 OK in 1084ms (Views: 1083.3ms | ActiveRecord: 0.0ms)


Started GET "/" for 127.0.0.1 at 2018-07-06 17:06:18 -0400
Processing by StaticPagesController#root as HTML
  Rendering static_pages/root.html.erb within layouts/application
  Rendered static_pages/root.html.erb within layouts/application (0.4ms)
Completed 200 OK in 1502ms (Views: 1501.5ms | ActiveRecord: 0.0ms)


Started GET "/" for 127.0.0.1 at 2018-07-06 17:06:39 -0400
Processing by StaticPagesController#root as HTML
  Rendering static_pages/root.html.erb within layouts/application
  Rendered static_pages/root.html.erb within layouts/application (0.7ms)
Completed 200 OK in 1003ms (Views: 1003.0ms | ActiveRecord: 0.0ms)


Started GET "/" for 127.0.0.1 at 2018-07-06 17:06:41 -0400
Processing by StaticPagesController#root as HTML
  Rendering static_pages/root.html.erb within layouts/application
  Rendered static_pages/root.html.erb within layouts/application (0.6ms)
Completed 200 OK in 150ms (Views: 149.6ms | ActiveRecord: 0.0ms)


Started GET "/" for 127.0.0.1 at 2018-07-06 17:07:33 -0400
Processing by StaticPagesController#root as HTML
  Rendering static_pages/root.html.erb within layouts/application
  Rendered static_pages/root.html.erb within layouts/application (1.0ms)
Completed 200 OK in 1019ms (Views: 1018.6ms | ActiveRecord: 0.0ms)


Started GET "/" for 127.0.0.1 at 2018-07-06 17:07:49 -0400
Processing by StaticPagesController#root as HTML
  Rendering static_pages/root.html.erb within layouts/application
  Rendered static_pages/root.html.erb within layouts/application (0.6ms)
Completed 200 OK in 1510ms (Views: 1509.9ms | ActiveRecord: 0.0ms)


Started GET "/" for 127.0.0.1 at 2018-07-06 17:09:12 -0400
Processing by StaticPagesController#root as HTML
  Rendering static_pages/root.html.erb within layouts/application
  Rendered static_pages/root.html.erb within layouts/application (0.7ms)
Completed 200 OK in 960ms (Views: 959.8ms | ActiveRecord: 0.0ms)


Started GET "/" for 127.0.0.1 at 2018-07-06 17:09:43 -0400
Processing by StaticPagesController#root as HTML
  Rendering static_pages/root.html.erb within layouts/application
  Rendered static_pages/root.html.erb within layouts/application (0.6ms)
Completed 200 OK in 146ms (Views: 145.9ms | ActiveRecord: 0.0ms)


Started GET "/" for 127.0.0.1 at 2018-07-06 17:10:01 -0400
Processing by StaticPagesController#root as HTML
  Rendering static_pages/root.html.erb within layouts/application
  Rendered static_pages/root.html.erb within layouts/application (0.7ms)
Completed 200 OK in 1029ms (Views: 1028.5ms | ActiveRecord: 0.0ms)


Started GET "/" for 127.0.0.1 at 2018-07-06 17:10:08 -0400
Processing by StaticPagesController#root as HTML
  Rendering static_pages/root.html.erb within layouts/application
  Rendered static_pages/root.html.erb within layouts/application (0.5ms)
Completed 200 OK in 27ms (Views: 26.9ms | ActiveRecord: 0.0ms)


Started GET "/" for 127.0.0.1 at 2018-07-06 17:13:23 -0400
Processing by StaticPagesController#root as HTML
  Rendering static_pages/root.html.erb within layouts/application
  Rendered static_pages/root.html.erb within layouts/application (1.5ms)
Completed 200 OK in 1576ms (Views: 1574.2ms | ActiveRecord: 0.0ms)


Started GET "/" for 127.0.0.1 at 2018-07-06 17:14:24 -0400
Processing by StaticPagesController#root as HTML
  Rendering static_pages/root.html.erb within layouts/application
  Rendered static_pages/root.html.erb within layouts/application (0.6ms)
Completed 200 OK in 1221ms (Views: 1220.5ms | ActiveRecord: 0.0ms)


Started GET "/" for 127.0.0.1 at 2018-07-06 17:14:40 -0400
Processing by StaticPagesController#root as HTML
  Rendering static_pages/root.html.erb within layouts/application
  Rendered static_pages/root.html.erb within layouts/application (0.7ms)
Completed 200 OK in 1364ms (Views: 1364.2ms | ActiveRecord: 0.0ms)


Started GET "/" for 127.0.0.1 at 2018-07-06 17:16:07 -0400
Processing by StaticPagesController#root as HTML
  Rendering static_pages/root.html.erb within layouts/application
  Rendered static_pages/root.html.erb within layouts/application (0.7ms)
Completed 200 OK in 1196ms (Views: 1195.7ms | ActiveRecord: 0.0ms)


Started GET "/" for 127.0.0.1 at 2018-07-06 17:16:11 -0400
Processing by StaticPagesController#root as HTML
  Rendering static_pages/root.html.erb within layouts/application
  Rendered static_pages/root.html.erb within layouts/application (0.4ms)
Completed 200 OK in 24ms (Views: 23.3ms | ActiveRecord: 0.0ms)


Started GET "/" for 127.0.0.1 at 2018-07-06 17:16:37 -0400
Processing by StaticPagesController#root as HTML
  Rendering static_pages/root.html.erb within layouts/application
  Rendered static_pages/root.html.erb within layouts/application (0.4ms)
Completed 200 OK in 25ms (Views: 25.1ms | ActiveRecord: 0.0ms)


Started GET "/" for 127.0.0.1 at 2018-07-06 17:17:56 -0400
Processing by StaticPagesController#root as HTML
  Rendering static_pages/root.html.erb within layouts/application
  Rendered static_pages/root.html.erb within layouts/application (0.5ms)
Completed 200 OK in 340ms (Views: 339.5ms | ActiveRecord: 0.0ms)


Started GET "/" for 127.0.0.1 at 2018-07-06 17:19:42 -0400
Processing by StaticPagesController#root as HTML
  Rendering static_pages/root.html.erb within layouts/application
  Rendered static_pages/root.html.erb within layouts/application (0.7ms)
Completed 200 OK in 325ms (Views: 324.8ms | ActiveRecord: 0.0ms)


Started GET "/" for 127.0.0.1 at 2018-07-06 17:20:30 -0400
Processing by StaticPagesController#root as HTML
  Rendering static_pages/root.html.erb within layouts/application
  Rendered static_pages/root.html.erb within layouts/application (0.8ms)
Completed 200 OK in 58ms (Views: 57.8ms | ActiveRecord: 0.0ms)


Started GET "/" for 127.0.0.1 at 2018-07-06 17:21:04 -0400
Processing by StaticPagesController#root as HTML
  Rendering static_pages/root.html.erb within layouts/application
  Rendered static_pages/root.html.erb within layouts/application (0.8ms)
Completed 200 OK in 1202ms (Views: 1201.8ms | ActiveRecord: 0.0ms)


Started GET "/" for 127.0.0.1 at 2018-07-06 17:22:16 -0400
Processing by StaticPagesController#root as HTML
  Rendering static_pages/root.html.erb within layouts/application
  Rendered static_pages/root.html.erb within layouts/application (1.0ms)
Completed 200 OK in 1032ms (Views: 1031.6ms | ActiveRecord: 0.0ms)


Started GET "/" for 127.0.0.1 at 2018-07-06 17:24:06 -0400
Processing by StaticPagesController#root as HTML
  Rendering static_pages/root.html.erb within layouts/application
  Rendered static_pages/root.html.erb within layouts/application (1.1ms)
Completed 200 OK in 1350ms (Views: 1349.8ms | ActiveRecord: 0.0ms)


Started GET "/" for 127.0.0.1 at 2018-07-06 17:24:32 -0400
Processing by StaticPagesController#root as HTML
  Rendering static_pages/root.html.erb within layouts/application
  Rendered static_pages/root.html.erb within layouts/application (0.6ms)
Completed 200 OK in 1103ms (Views: 1103.1ms | ActiveRecord: 0.0ms)


Started GET "/" for 127.0.0.1 at 2018-07-06 17:26:22 -0400
Processing by StaticPagesController#root as HTML
  Rendering static_pages/root.html.erb within layouts/application
  Rendered static_pages/root.html.erb within layouts/application (0.9ms)
Completed 200 OK in 1250ms (Views: 1249.2ms | ActiveRecord: 0.0ms)


Started GET "/" for 127.0.0.1 at 2018-07-06 17:26:30 -0400
Processing by StaticPagesController#root as HTML
  Rendering static_pages/root.html.erb within layouts/application
  Rendered static_pages/root.html.erb within layouts/application (0.5ms)
Completed 200 OK in 1332ms (Views: 1331.6ms | ActiveRecord: 0.0ms)


Started POST "/api/users" for 127.0.0.1 at 2018-07-06 17:26:44 -0400
Processing by Api::UsersController#create as JSON
  Parameters: {"user"=>{"username"=>"", "password"=>"[FILTERED]"}}
  [1m[35m (0.2ms)[0m  [1m[35mBEGIN[0m
  [1m[35m (11.6ms)[0m  [1m[31mROLLBACK[0m
Completed 422 Unprocessable Entity in 186ms (ActiveRecord: 11.8ms)



ActiveRecord::RecordInvalid - Validation failed: Username can't be blank, Password is too short (minimum is 6 characters):
  app/controllers/api/users_controller.rb:5:in `create'

Started GET "/" for 127.0.0.1 at 2018-07-06 17:27:01 -0400
Processing by StaticPagesController#root as HTML
  Rendering static_pages/root.html.erb within layouts/application
  Rendered static_pages/root.html.erb within layouts/application (0.4ms)
Completed 200 OK in 930ms (Views: 929.8ms | ActiveRecord: 0.0ms)


Started GET "/" for 127.0.0.1 at 2018-07-06 17:28:48 -0400
Processing by StaticPagesController#root as HTML
  Rendering static_pages/root.html.erb within layouts/application
  Rendered static_pages/root.html.erb within layouts/application (0.6ms)
Completed 200 OK in 1090ms (Views: 1089.2ms | ActiveRecord: 0.0ms)


Started GET "/" for 127.0.0.1 at 2018-07-06 17:29:06 -0400
Processing by StaticPagesController#root as HTML
  Rendering static_pages/root.html.erb within layouts/application
  Rendered static_pages/root.html.erb within layouts/application (0.6ms)
Completed 200 OK in 1000ms (Views: 1000.1ms | ActiveRecord: 0.0ms)


Started GET "/" for 127.0.0.1 at 2018-07-06 17:32:21 -0400
Processing by StaticPagesController#root as HTML
  Rendering static_pages/root.html.erb within layouts/application
  Rendered static_pages/root.html.erb within layouts/application (0.8ms)
Completed 200 OK in 1079ms (Views: 1078.8ms | ActiveRecord: 0.0ms)


Started POST "/api/session" for 127.0.0.1 at 2018-07-06 17:32:52 -0400
Processing by Api::SessionsController#create as JSON
  Parameters: {"user"=>{"username"=>"Favorite", "password"=>"[FILTERED]"}}
  [1m[36mUser Load (0.7ms)[0m  [1m[34mSELECT  "users".* FROM "users" WHERE "users"."username" = $1 LIMIT $2[0m  [["username", "Favorite"], ["LIMIT", 1]]
  [1m[35m (0.2ms)[0m  [1m[35mBEGIN[0m
  [1m[35mSQL (1.0ms)[0m  [1m[33mUPDATE "users" SET "session_token" = $1, "updated_at" = $2 WHERE "users"."id" = $3[0m  [["session_token", "PbJ6Up7NhHe4ctfd87BoFw"], ["updated_at", "2018-07-06 21:32:52.902860"], ["id", 1]]
  [1m[35m (0.7ms)[0m  [1m[35mCOMMIT[0m
  Rendering api/sessions/show.json.jbuilder
  Rendered api/sessions/show.json.jbuilder (0.7ms)
Completed 200 OK in 144ms (Views: 63.3ms | ActiveRecord: 2.6ms)


Started DELETE "/api/session" for 127.0.0.1 at 2018-07-06 17:32:57 -0400
Processing by Api::SessionsController#destroy as JSON
  [1m[36mUser Load (0.5ms)[0m  [1m[34mSELECT  "users".* FROM "users" WHERE "users"."session_token" = $1 LIMIT $2[0m  [["session_token", "PbJ6Up7NhHe4ctfd87BoFw"], ["LIMIT", 1]]
  [1m[35m (0.1ms)[0m  [1m[35mBEGIN[0m
  [1m[35mSQL (0.6ms)[0m  [1m[33mUPDATE "users" SET "session_token" = $1, "updated_at" = $2 WHERE "users"."id" = $3[0m  [["session_token", "uKTR-Shd1QgpWRYc1yFZfQ"], ["updated_at", "2018-07-06 21:32:57.814881"], ["id", 1]]
  [1m[35m (0.5ms)[0m  [1m[35mCOMMIT[0m
Completed 200 OK in 6ms (Views: 0.3ms | ActiveRecord: 1.8ms)


Started GET "/" for 127.0.0.1 at 2018-07-06 17:33:47 -0400
Processing by StaticPagesController#root as HTML
  Rendering static_pages/root.html.erb within layouts/application
  Rendered static_pages/root.html.erb within layouts/application (0.5ms)
Completed 200 OK in 1391ms (Views: 1390.6ms | ActiveRecord: 0.0ms)


Started GET "/" for 127.0.0.1 at 2018-07-06 17:34:01 -0400
Processing by StaticPagesController#root as HTML
  Rendering static_pages/root.html.erb within layouts/application
  Rendered static_pages/root.html.erb within layouts/application (0.7ms)
Completed 200 OK in 1042ms (Views: 1041.2ms | ActiveRecord: 0.0ms)


Started POST "/api/users" for 127.0.0.1 at 2018-07-06 17:34:19 -0400
Processing by Api::UsersController#create as JSON
  Parameters: {"user"=>{"username"=>"", "password"=>"[FILTERED]"}}
  [1m[35m (0.2ms)[0m  [1m[35mBEGIN[0m
  [1m[35m (0.3ms)[0m  [1m[31mROLLBACK[0m
Completed 422 Unprocessable Entity in 83ms (ActiveRecord: 0.5ms)



ActiveRecord::RecordInvalid - Validation failed: Username can't be blank, Password is too short (minimum is 6 characters):
  app/controllers/api/users_controller.rb:5:in `create'

Started GET "/" for 127.0.0.1 at 2018-07-06 17:34:45 -0400
Processing by StaticPagesController#root as HTML
  Rendering static_pages/root.html.erb within layouts/application
  Rendered static_pages/root.html.erb within layouts/application (0.4ms)
Completed 200 OK in 1342ms (Views: 1341.6ms | ActiveRecord: 0.0ms)


Started GET "/" for 127.0.0.1 at 2018-07-06 17:35:23 -0400
Processing by StaticPagesController#root as HTML
  Rendering static_pages/root.html.erb within layouts/application
  Rendered static_pages/root.html.erb within layouts/application (0.7ms)
Completed 200 OK in 1451ms (Views: 1450.7ms | ActiveRecord: 0.0ms)


Started POST "/api/users" for 127.0.0.1 at 2018-07-06 17:35:31 -0400
Processing by Api::UsersController#create as JSON
  Parameters: {"user"=>{"username"=>"", "password"=>"[FILTERED]"}}
  [1m[35m (0.2ms)[0m  [1m[35mBEGIN[0m
  [1m[35m (0.2ms)[0m  [1m[31mROLLBACK[0m
Completed 422 Unprocessable Entity in 83ms (ActiveRecord: 0.4ms)



ActiveRecord::RecordInvalid - Validation failed: Username can't be blank, Password is too short (minimum is 6 characters):
  app/controllers/api/users_controller.rb:5:in `create'

Started GET "/" for 127.0.0.1 at 2018-07-06 17:36:53 -0400
Processing by StaticPagesController#root as HTML
  Rendering static_pages/root.html.erb within layouts/application
  Rendered static_pages/root.html.erb within layouts/application (0.7ms)
Completed 200 OK in 1073ms (Views: 1073.2ms | ActiveRecord: 0.0ms)


Started POST "/api/users" for 127.0.0.1 at 2018-07-06 17:37:00 -0400
Processing by Api::UsersController#create as JSON
  Parameters: {"user"=>{"username"=>"", "password"=>"[FILTERED]"}}
  [1m[35m (0.2ms)[0m  [1m[35mBEGIN[0m
  [1m[35m (0.2ms)[0m  [1m[31mROLLBACK[0m
Completed 422 Unprocessable Entity in 81ms (ActiveRecord: 0.5ms)



ActiveRecord::RecordInvalid - Validation failed: Username can't be blank, Password is too short (minimum is 6 characters):
  app/controllers/api/users_controller.rb:5:in `create'

Started GET "/" for 127.0.0.1 at 2018-07-09 09:17:10 -0400

PG::ConnectionBad - FATAL:  database "bench_bnb_development" does not exist
:

Started POST "/__better_errors/3728d2b4fce0c618/variables" for 127.0.0.1 at 2018-07-09 09:17:12 -0400
  [1m[35mSQL (0.5ms)[0m  [1m[35mCREATE EXTENSION IF NOT EXISTS "plpgsql"[0m
  [1m[35m (10.3ms)[0m  [1m[35mDROP TABLE IF EXISTS "users" CASCADE[0m
  [1m[35m (35.3ms)[0m  [1m[35mCREATE TABLE "users" ("id" bigserial primary key, "username" character varying NOT NULL, "password_digest" character varying NOT NULL, "session_token" character varying NOT NULL, "created_at" timestamp NOT NULL, "updated_at" timestamp NOT NULL)[0m
  [1m[35m (1.7ms)[0m  [1m[35mCREATE UNIQUE INDEX  "index_users_on_session_token" ON "users"  ("session_token")[0m
  [1m[35m (1.4ms)[0m  [1m[35mCREATE UNIQUE INDEX  "index_users_on_username" ON "users"  ("username")[0m
  [1m[35m (3.5ms)[0m  [1m[35mCREATE TABLE "schema_migrations" ("version" character varying NOT NULL PRIMARY KEY)[0m
  [1m[35m (0.8ms)[0m  [1m[34mSELECT "schema_migrations"."version" FROM "schema_migrations" ORDER BY "schema_migrations"."version" ASC[0m
  [1m[35m (0.9ms)[0m  [1m[32mINSERT INTO "schema_migrations" (version) VALUES (20180706154759)[0m
  [1m[35m (3.6ms)[0m  [1m[35mCREATE TABLE "ar_internal_metadata" ("key" character varying NOT NULL PRIMARY KEY, "value" character varying, "created_at" timestamp NOT NULL, "updated_at" timestamp NOT NULL)[0m
  [1m[36mActiveRecord::InternalMetadata Load (0.5ms)[0m  [1m[34mSELECT  "ar_internal_metadata".* FROM "ar_internal_metadata" WHERE "ar_internal_metadata"."key" = $1 LIMIT $2[0m  [["key", "environment"], ["LIMIT", 1]]
  [1m[35m (1.2ms)[0m  [1m[35mBEGIN[0m
  [1m[35mSQL (22.0ms)[0m  [1m[32mINSERT INTO "ar_internal_metadata" ("key", "value", "created_at", "updated_at") VALUES ($1, $2, $3, $4) RETURNING "key"[0m  [["key", "environment"], ["value", "development"], ["created_at", "2018-07-09 13:17:49.573380"], ["updated_at", "2018-07-09 13:17:49.573380"]]
  [1m[35m (0.5ms)[0m  [1m[35mCOMMIT[0m
  [1m[36mActiveRecord::InternalMetadata Load (9.7ms)[0m  [1m[34mSELECT  "ar_internal_metadata".* FROM "ar_internal_metadata" WHERE "ar_internal_metadata"."key" = $1 LIMIT $2[0m  [["key", "environment"], ["LIMIT", 1]]
  [1m[35m (0.2ms)[0m  [1m[35mBEGIN[0m
  [1m[35m (0.2ms)[0m  [1m[35mCOMMIT[0m
  [1m[35mSQL (0.4ms)[0m  [1m[35mCREATE EXTENSION IF NOT EXISTS "plpgsql"[0m
  [1m[35m (0.3ms)[0m  [1m[35mDROP TABLE IF EXISTS "users" CASCADE[0m
  [1m[35m (7.8ms)[0m  [1m[35mCREATE TABLE "users" ("id" bigserial primary key, "username" character varying NOT NULL, "password_digest" character varying NOT NULL, "session_token" character varying NOT NULL, "created_at" timestamp NOT NULL, "updated_at" timestamp NOT NULL)[0m
  [1m[35m (1.8ms)[0m  [1m[35mCREATE UNIQUE INDEX  "index_users_on_session_token" ON "users"  ("session_token")[0m
  [1m[35m (1.4ms)[0m  [1m[35mCREATE UNIQUE INDEX  "index_users_on_username" ON "users"  ("username")[0m
  [1m[35m (3.5ms)[0m  [1m[35mCREATE TABLE "schema_migrations" ("version" character varying NOT NULL PRIMARY KEY)[0m
  [1m[35m (0.9ms)[0m  [1m[34mSELECT "schema_migrations"."version" FROM "schema_migrations" ORDER BY "schema_migrations"."version" ASC[0m
  [1m[35m (1.3ms)[0m  [1m[32mINSERT INTO "schema_migrations" (version) VALUES (20180706154759)[0m
  [1m[35m (3.4ms)[0m  [1m[35mCREATE TABLE "ar_internal_metadata" ("key" character varying NOT NULL PRIMARY KEY, "value" character varying, "created_at" timestamp NOT NULL, "updated_at" timestamp NOT NULL)[0m
  [1m[36mActiveRecord::InternalMetadata Load (0.5ms)[0m  [1m[34mSELECT  "ar_internal_metadata".* FROM "ar_internal_metadata" WHERE "ar_internal_metadata"."key" = $1 LIMIT $2[0m  [["key", "environment"], ["LIMIT", 1]]
  [1m[35m (0.1ms)[0m  [1m[35mBEGIN[0m
  [1m[35mSQL (0.5ms)[0m  [1m[32mINSERT INTO "ar_internal_metadata" ("key", "value", "created_at", "updated_at") VALUES ($1, $2, $3, $4) RETURNING "key"[0m  [["key", "environment"], ["value", "development"], ["created_at", "2018-07-09 13:17:49.672913"], ["updated_at", "2018-07-09 13:17:49.672913"]]
  [1m[35m (0.4ms)[0m  [1m[35mCOMMIT[0m
  [1m[36mActiveRecord::InternalMetadata Load (0.4ms)[0m  [1m[34mSELECT  "ar_internal_metadata".* FROM "ar_internal_metadata" WHERE "ar_internal_metadata"."key" = $1 LIMIT $2[0m  [["key", "environment"], ["LIMIT", 1]]
  [1m[35m (0.1ms)[0m  [1m[35mBEGIN[0m
  [1m[35mSQL (0.5ms)[0m  [1m[33mUPDATE "ar_internal_metadata" SET "value" = $1, "updated_at" = $2 WHERE "ar_internal_metadata"."key" = $3[0m  [["value", "test"], ["updated_at", "2018-07-09 13:17:49.677267"], ["key", "environment"]]
  [1m[35m (0.5ms)[0m  [1m[35mCOMMIT[0m
  [1m[35m (0.9ms)[0m  [1m[34mSELECT "schema_migrations"."version" FROM "schema_migrations" ORDER BY "schema_migrations"."version" ASC[0m
Started GET "/" for 127.0.0.1 at 2018-07-09 09:18:20 -0400
  [1m[35m (0.9ms)[0m  [1m[34mSELECT "schema_migrations"."version" FROM "schema_migrations" ORDER BY "schema_migrations"."version" ASC[0m
Processing by StaticPagesController#root as HTML
  Rendering static_pages/root.html.erb within layouts/application
  Rendered static_pages/root.html.erb within layouts/application (1.3ms)
Completed 200 OK in 3275ms (Views: 3275.0ms | ActiveRecord: 0.0ms)


